<?xml version="1.0" encoding="UTF-8"?>
<!-- Generated by org.testng.reporters.JUnitXMLReporter -->
<testsuite hostname="Don-pc" ignored="0" name="Chrome" tests="2" failures="2" timestamp="22 Mar 2018 08:04:50 GMT" time="73.463" errors="0">
  <testcase name="testValidLogin" time="17.476" classname="script.ValidLogin">
    <failure type="java.lang.AssertionError" message="null">
      <![CDATA[java.lang.AssertionError: nullat generic.BasePage.verifyPageIsDisplayed(BasePage.java:21)at script.ValidLogin.testValidLogin(ValidLogin.java:25)... Removed 27 stack frames]]>
    </failure>
  </testcase> <!-- testValidLogin -->
  <testcase name="testInvalidLogin" time="1.819" classname="script.InvalidLogin">
    <failure type="java.lang.AssertionError" message="expected [ ] but found [Username or Password is invalid. Please try again.]">
      <![CDATA[java.lang.AssertionError: expected [ ] but found [Username or Password is invalid. Please try again.]at generic.BasePage.verifyText(BasePage.java:32)at page.LoginPage.verifyErrMsg(LoginPage.java:29)at script.InvalidLogin.testInvalidLogin(InvalidLogin.java:23)... Removed 31 stack frames]]>
    </failure>
  </testcase> <!-- testInvalidLogin -->
</testsuite> <!-- Chrome -->
